recursos|vis|2022-06-18T10:59|admin
recursos|vis|2022-06-18T11:00|admin
recursos|down|2022-06-18T11:00|admin|erlang-func-en.pdf
recursos|vis|2022-06-18T11:02|admin
recursos|vis|2022-06-18T11:02|admin
recursos|vis|2022-06-18T11:02|admin
recursos|vis|2022-06-18T11:03|admin
projetos|vis|2022-06-18T11:03|admin
projetos|vis|2022-06-18T11:03|admin
recursos|vis|2022-06-18T11:03|admin
recursos|down|2022-06-18T11:04|admin|erlang-func-en.pdf
projetos|vis|2022-06-18T11:04|admin
projetos|down|2022-06-18T11:04|admin|1bd24ac0903999c59803c2537412b79c
recursos|edit|2022-06-18T11:04|admin|62acc1cf632a46d9ce68b09b
upload|upload|2022-06-18T11:05|admin
recursos|vis|2022-06-18T11:05|admin
projetos|vis|2022-06-18T11:05|admin
projetos|down|2022-06-18T11:05|admin|1bd24ac0903999c59803c2537412b79c
recursos|edit|2022-06-18T11:05|admin|62adb15ecb49af2f3d5b7514
registar|succ|2022-06-18T11:06|pombo
login|succ|2022-06-18T11:07|admin
login|succ|2022-06-18T11:09|admin
registar|succ|2022-06-18T11:10|admin2|Administrador
login|succ|2022-06-18T11:10|admin
login|succ|2022-06-18T11:11|produtor
login|succ|2022-06-18T11:12|admin
login|succ|2022-06-18T13:03|admin
recursos|vis|2022-06-18T13:31|admin
recursos|vis|2022-06-18T13:31|admin
recursos|vis|2022-06-18T13:31|admin
recursos|vis|2022-06-18T13:31|admin
projetos|vis|2022-06-18T13:31|admin
projetos|vis|2022-06-18T13:33|admin
upload|upload|2022-06-18T13:34|admin
recursos|delete|2022-06-18T13:35|admin|62add470bc46e23233a7ec98
recursos|vis|2022-06-18T13:35|admin
recursos|down|2022-06-18T13:35|admin|erlang-intro-en.pdf
projetos|vis|2022-06-18T13:35|admin
projetos|down|2022-06-18T13:35|admin|f5eebd6a8ac0633c3786341f046eb813
projetos|down|2022-06-18T13:36|admin|f5eebd6a8ac0633c3786341f046eb813
recursos|down|2022-06-18T13:36|admin|erlang-intro-en.pdf
recursos|vis|2022-06-18T13:36|admin
recursos|down|2022-06-18T13:36|admin|erlang-intro-en.pdf
recursos|down|2022-06-18T13:36|admin|erlang-conc-en.pdf
recursos|down|2022-06-18T13:36|admin|erlang-intro-en.pdf
recursos|vis|2022-06-18T13:37|admin
recursos|down|2022-06-18T13:38|admin|erlang-intro-en.pdf
upload|upload|2022-06-18T13:39|admin
projetos|vis|2022-06-18T13:39|admin
recursos|vis|2022-06-18T13:40|admin
recursos|down|2022-06-18T13:40|admin|ficha-pri-avaliacao2020.xml
recursos|down|2022-06-18T13:40|admin|prc2021-ficha-aferição.xml
login|succ|2022-06-18T14:26|admin
login|succ|2022-06-18T14:27|admin
login|succ|2022-06-18T14:28|produtor
recursos|vis|2022-06-18T14:28|produtor
projetos|vis|2022-06-18T14:28|produtor
recursos|vis|2022-06-18T14:28|produtor
recursos|down|2022-06-18T14:28|produtor|prc2021-ficha-aferição.xml
recursos|vis|2022-06-18T14:28|produtor
projetos|vis|2022-06-18T14:28|produtor
projetos|down|2022-06-18T14:28|produtor|0eb3c7c44d102f6a61e897b0937683b7
recursos|vis|2022-06-18T14:28|produtor
recursos|down|2022-06-18T14:28|produtor|ficha-pri-avaliacao2020.xml
login|succ|2022-06-18T14:28|admin
recursos|down|2022-06-18T14:29|admin|ficha-pri-avaliacao2020.xml
login|succ|2022-06-18T15:40|admin
login|succ|2022-06-18T16:25|admin
login|succ|2022-06-18T16:45|produtor
recursos|vis|2022-06-18T16:45|produtor
projetos|vis|2022-06-18T16:45|produtor
recursos|vis|2022-06-18T16:45|produtor
projetos|vis|2022-06-18T16:45|produtor
recursos|vis|2022-06-18T16:45|produtor
projetos|vis|2022-06-18T16:45|produtor
login|succ|2022-06-18T16:45|consumidor
projetos|vis|2022-06-18T16:45|consumidor
recursos|vis|2022-06-18T16:45|consumidor
projetos|vis|2022-06-18T16:45|consumidor
recursos|vis|2022-06-18T16:45|consumidor
login|succ|2022-06-18T16:45|admin
login|succ|2022-06-18T16:46|admin
login|succ|2022-06-18T16:47|consumidor
projetos|vis|2022-06-18T16:47|consumidor
recursos|vis|2022-06-18T16:47|consumidor
recursos|down|2022-06-18T16:47|consumidor|erlang-func-en.pdf
recursos|down|2022-06-18T16:47|consumidor|prc2021-ficha-aferição.xml
recursos|down|2022-06-18T16:47|consumidor|erlang-intro-en.pdf
recursos|down|2022-06-18T16:47|consumidor|erlang-conc-en.pdf
login|succ|2022-06-18T16:48|admin2
recursos|vis|2022-06-18T16:48|admin2
recursos|down|2022-06-18T16:48|admin2|erlang-func-en.pdf
recursos|down|2022-06-18T16:48|admin2|prc2021-ficha-aferição.xml
recursos|down|2022-06-18T16:48|admin2|erlang-intro-en.pdf
registar|succ|2022-06-18T16:52|consumidor2|Consumidor
registar|succ|2022-06-18T16:54|consumidor2|Consumidor
registar|succ|2022-06-18T16:59|consumidor2|Consumidor
registar|succ|2022-06-18T17:02|consumidor2|Consumidor
login|succ|2022-06-19T12:50|admin
registar|succ|2022-06-19T13:14|p1|Produtor
login|succ|2022-06-19T18:45|admin
recursos|vis|2022-06-19T18:46|admin
projetos|vis|2022-06-19T18:46|admin
projetos|vis|2022-06-19T18:46|admin
upload|upload|2022-06-19T18:47|admin
upload|upload|2022-06-19T18:48|admin
upload|upload|2022-06-19T18:49|admin
upload|upload|2022-06-19T18:55|admin
upload|upload|2022-06-19T18:56|admin
upload|upload|2022-06-19T18:56|admin
upload|upload|2022-06-19T18:58|admin
upload|upload|2022-06-19T18:59|admin
upload|upload|2022-06-19T19:02|admin
